TN:
SF:src/controllers/adminController.ts
FN:17,(anonymous_0)
FN:100,(anonymous_1)
FN:109,(anonymous_2)
FN:172,(anonymous_3)
FN:222,(anonymous_4)
FN:231,(anonymous_5)
FN:233,(anonymous_6)
FN:241,(anonymous_7)
FN:279,(anonymous_8)
FN:316,(anonymous_9)
FN:364,(anonymous_10)
FN:430,(anonymous_11)
FN:459,(anonymous_12)
FN:487,(anonymous_13)
FN:541,(anonymous_14)
FN:550,(anonymous_15)
FNF:16
FNH:0
FNDA:0,(anonymous_0)
FNDA:0,(anonymous_1)
FNDA:0,(anonymous_2)
FNDA:0,(anonymous_3)
FNDA:0,(anonymous_4)
FNDA:0,(anonymous_5)
FNDA:0,(anonymous_6)
FNDA:0,(anonymous_7)
FNDA:0,(anonymous_8)
FNDA:0,(anonymous_9)
FNDA:0,(anonymous_10)
FNDA:0,(anonymous_11)
FNDA:0,(anonymous_12)
FNDA:0,(anonymous_13)
FNDA:0,(anonymous_14)
FNDA:0,(anonymous_15)
DA:3,0
DA:11,0
DA:13,0
DA:18,0
DA:19,0
DA:21,0
DA:23,0
DA:27,0
DA:28,0
DA:29,0
DA:33,0
DA:37,0
DA:38,0
DA:39,0
DA:43,0
DA:47,0
DA:48,0
DA:49,0
DA:53,0
DA:55,0
DA:57,0
DA:65,0
DA:68,0
DA:69,0
DA:72,0
DA:78,0
DA:80,0
DA:96,0
DA:97,0
DA:100,0
DA:101,0
DA:102,0
DA:110,0
DA:111,0
DA:112,0
DA:113,0
DA:114,0
DA:116,0
DA:118,0
DA:119,0
DA:136,0
DA:137,0
DA:140,0
DA:141,0
DA:142,0
DA:146,0
DA:147,0
DA:148,0
DA:149,0
DA:150,0
DA:155,0
DA:156,0
DA:157,0
DA:158,0
DA:162,0
DA:163,0
DA:166,0
DA:167,0
DA:169,0
DA:172,0
DA:192,0
DA:193,0
DA:194,0
DA:195,0
DA:196,0
DA:202,0
DA:214,0
DA:215,0
DA:223,0
DA:224,0
DA:225,0
DA:226,0
DA:227,0
DA:229,0
DA:231,0
DA:232,0
DA:233,0
DA:235,0
DA:236,0
DA:237,0
DA:241,0
DA:242,0
DA:245,0
DA:248,0
DA:251,0
DA:252,0
DA:253,0
DA:256,0
DA:276,0
DA:279,0
DA:295,0
DA:308,0
DA:309,0
DA:317,0
DA:319,0
DA:320,0
DA:321,0
DA:324,0
DA:325,0
DA:330,0
DA:331,0
DA:332,0
DA:335,0
DA:337,0
DA:356,0
DA:357,0
DA:365,0
DA:366,0
DA:369,0
DA:370,0
DA:371,0
DA:373,0
DA:374,0
DA:375,0
DA:378,0
DA:379,0
DA:380,0
DA:383,0
DA:384,0
DA:385,0
DA:388,0
DA:389,0
DA:390,0
DA:394,0
DA:395,0
DA:397,0
DA:404,0
DA:405,0
DA:407,0
DA:422,0
DA:423,0
DA:431,0
DA:433,0
DA:435,0
DA:443,0
DA:444,0
DA:445,0
DA:448,0
DA:451,0
DA:452,0
DA:460,0
DA:461,0
DA:474,0
DA:479,0
DA:480,0
DA:488,0
DA:489,0
DA:491,0
DA:493,0
DA:498,0
DA:499,0
DA:500,0
DA:504,0
DA:506,0
DA:508,0
DA:509,0
DA:512,0
DA:517,0
DA:519,0
DA:526,0
DA:531,0
DA:533,0
DA:536,0
DA:537,0
DA:541,0
DA:542,0
DA:543,0
DA:551,0
DA:552,0
DA:553,0
DA:555,0
DA:557,0
DA:562,0
DA:563,0
DA:564,0
DA:567,0
DA:570,0
DA:575,0
DA:576,0
DA:577,0
DA:580,0
DA:582,0
DA:604,0
DA:605,0
LF:184
LH:0
BRDA:27,0,0,0
BRDA:27,0,1,0
BRDA:37,1,0,0
BRDA:37,1,1,0
BRDA:47,2,0,0
BRDA:47,2,1,0
BRDA:110,3,0,0
BRDA:110,3,1,0
BRDA:111,4,0,0
BRDA:111,4,1,0
BRDA:140,5,0,0
BRDA:140,5,1,0
BRDA:146,6,0,0
BRDA:146,6,1,0
BRDA:148,7,0,0
BRDA:148,7,1,0
BRDA:148,8,0,0
BRDA:148,8,1,0
BRDA:148,8,2,0
BRDA:155,9,0,0
BRDA:155,9,1,0
BRDA:193,10,0,0
BRDA:193,10,1,0
BRDA:194,11,0,0
BRDA:194,11,1,0
BRDA:194,12,0,0
BRDA:194,12,1,0
BRDA:210,13,0,0
BRDA:210,13,1,0
BRDA:211,14,0,0
BRDA:211,14,1,0
BRDA:225,15,0,0
BRDA:225,15,1,0
BRDA:226,16,0,0
BRDA:226,16,1,0
BRDA:231,17,0,0
BRDA:231,17,1,0
BRDA:235,18,0,0
BRDA:235,18,1,0
BRDA:242,19,0,0
BRDA:242,19,1,0
BRDA:243,20,0,0
BRDA:243,20,1,0
BRDA:244,21,0,0
BRDA:244,21,1,0
BRDA:319,22,0,0
BRDA:319,22,1,0
BRDA:330,23,0,0
BRDA:330,23,1,0
BRDA:373,24,0,0
BRDA:373,24,1,0
BRDA:378,25,0,0
BRDA:378,25,1,0
BRDA:383,26,0,0
BRDA:383,26,1,0
BRDA:388,27,0,0
BRDA:388,27,1,0
BRDA:443,28,0,0
BRDA:443,28,1,0
BRDA:498,29,0,0
BRDA:498,29,1,0
BRDA:517,30,0,0
BRDA:517,30,1,0
BRDA:562,31,0,0
BRDA:562,31,1,0
BRDA:575,32,0,0
BRDA:575,32,1,0
BRF:67
BRH:0
end_of_record
TN:
SF:src/controllers/authController.ts
FN:22,(anonymous_1)
FN:116,(anonymous_2)
FN:125,(anonymous_3)
FN:205,(anonymous_4)
FN:262,(anonymous_5)
FN:317,(anonymous_6)
FN:387,(anonymous_7)
FN:396,(anonymous_8)
FNF:8
FNH:0
FNDA:0,(anonymous_1)
FNDA:0,(anonymous_2)
FNDA:0,(anonymous_3)
FNDA:0,(anonymous_4)
FNDA:0,(anonymous_5)
FNDA:0,(anonymous_6)
FNDA:0,(anonymous_7)
FNDA:0,(anonymous_8)
DA:3,0
DA:4,0
DA:16,0
DA:18,0
DA:23,0
DA:25,0
DA:27,0
DA:31,0
DA:32,0
DA:33,0
DA:37,0
DA:41,0
DA:42,0
DA:43,0
DA:47,0
DA:51,0
DA:52,0
DA:53,0
DA:57,0
DA:59,0
DA:61,0
DA:69,0
DA:72,0
DA:73,0
DA:76,0
DA:82,0
DA:83,0
DA:94,0
DA:96,0
DA:112,0
DA:113,0
DA:116,0
DA:117,0
DA:118,0
DA:126,0
DA:128,0
DA:130,0
DA:142,0
DA:143,0
DA:144,0
DA:147,0
DA:150,0
DA:151,0
DA:152,0
DA:154,0
DA:155,0
DA:156,0
DA:160,0
DA:161,0
DA:162,0
DA:166,0
DA:167,0
DA:178,0
DA:179,0
DA:181,0
DA:197,0
DA:198,0
DA:206,0
DA:207,0
DA:209,0
DA:211,0
DA:216,0
DA:217,0
DA:218,0
DA:221,0
DA:224,0
DA:225,0
DA:226,0
DA:230,0
DA:231,0
DA:232,0
DA:236,0
DA:237,0
DA:240,0
DA:246,0
DA:251,0
DA:254,0
DA:255,0
DA:263,0
DA:265,0
DA:267,0
DA:273,0
DA:274,0
DA:275,0
DA:278,0
DA:281,0
DA:292,0
DA:293,0
DA:296,0
DA:298,0
DA:299,0
DA:300,0
DA:304,0
DA:306,0
DA:309,0
DA:310,0
DA:318,0
DA:320,0
DA:323,0
DA:324,0
DA:326,0
DA:327,0
DA:331,0
DA:332,0
DA:333,0
DA:336,0
DA:339,0
DA:344,0
DA:345,0
DA:346,0
DA:350,0
DA:351,0
DA:354,0
DA:356,0
DA:358,0
DA:363,0
DA:365,0
DA:372,0
DA:377,0
DA:379,0
DA:382,0
DA:383,0
DA:387,0
DA:388,0
DA:389,0
DA:398,0
LF:126
LH:0
BRDA:31,0,0,0
BRDA:31,0,1,0
BRDA:41,1,0,0
BRDA:41,1,1,0
BRDA:51,2,0,0
BRDA:51,2,1,0
BRDA:142,3,0,0
BRDA:142,3,1,0
BRDA:150,4,0,0
BRDA:150,4,1,0
BRDA:154,5,0,0
BRDA:154,5,1,0
BRDA:160,6,0,0
BRDA:160,6,1,0
BRDA:160,7,0,0
BRDA:160,7,1,0
BRDA:179,8,0,0
BRDA:179,8,1,0
BRDA:216,9,0,0
BRDA:216,9,1,0
BRDA:224,10,0,0
BRDA:224,10,1,0
BRDA:230,11,0,0
BRDA:230,11,1,0
BRDA:273,12,0,0
BRDA:273,12,1,0
BRDA:273,13,0,0
BRDA:273,13,1,0
BRDA:298,14,0,0
BRDA:298,14,1,0
BRDA:298,15,0,0
BRDA:298,15,1,0
BRDA:304,16,0,0
BRDA:304,16,1,0
BRDA:331,17,0,0
BRDA:331,17,1,0
BRDA:344,18,0,0
BRDA:344,18,1,0
BRDA:363,19,0,0
BRDA:363,19,1,0
BRF:40
BRH:0
end_of_record
TN:
SF:src/controllers/index.ts
FN:2,(anonymous_0)
FN:3,(anonymous_1)
FN:4,(anonymous_2)
FNF:3
FNH:0
FNDA:0,(anonymous_0)
FNDA:0,(anonymous_1)
FNDA:0,(anonymous_2)
DA:2,0
DA:3,0
DA:4,0
LF:3
LH:0
BRF:0
BRH:0
end_of_record
TN:
SF:src/controllers/verificationController.ts
FN:21,(anonymous_0)
FN:107,(anonymous_1)
FN:170,(anonymous_2)
FN:179,(anonymous_3)
FN:265,(anonymous_4)
FN:348,(anonymous_5)
FN:357,(anonymous_6)
FNF:7
FNH:0
FNDA:0,(anonymous_0)
FNDA:0,(anonymous_1)
FNDA:0,(anonymous_2)
FNDA:0,(anonymous_3)
FNDA:0,(anonymous_4)
FNDA:0,(anonymous_5)
FNDA:0,(anonymous_6)
DA:3,0
DA:17,0
DA:22,0
DA:24,0
DA:26,0
DA:31,0
DA:32,0
DA:33,0
DA:36,0
DA:38,0
DA:39,0
DA:40,0
DA:44,0
DA:51,0
DA:52,0
DA:53,0
DA:57,0
DA:63,0
DA:64,0
DA:67,0
DA:75,0
DA:76,0
DA:79,0
DA:81,0
DA:82,0
DA:83,0
DA:87,0
DA:92,0
DA:93,0
DA:96,0
DA:99,0
DA:100,0
DA:108,0
DA:110,0
DA:111,0
DA:112,0
DA:115,0
DA:117,0
DA:125,0
DA:126,0
DA:127,0
DA:130,0
DA:133,0
DA:134,0
DA:135,0
DA:139,0
DA:140,0
DA:141,0
DA:145,0
DA:147,0
DA:149,0
DA:155,0
DA:160,0
DA:162,0
DA:165,0
DA:166,0
DA:170,0
DA:171,0
DA:172,0
DA:180,0
DA:181,0
DA:183,0
DA:185,0
DA:190,0
DA:191,0
DA:192,0
DA:195,0
DA:197,0
DA:198,0
DA:199,0
DA:203,0
DA:210,0
DA:211,0
DA:212,0
DA:216,0
DA:222,0
DA:223,0
DA:226,0
DA:234,0
DA:235,0
DA:237,0
DA:238,0
DA:239,0
DA:243,0
DA:250,0
DA:251,0
DA:254,0
DA:257,0
DA:258,0
DA:266,0
DA:267,0
DA:269,0
DA:271,0
DA:279,0
DA:280,0
DA:281,0
DA:284,0
DA:287,0
DA:288,0
DA:289,0
DA:293,0
DA:294,0
DA:295,0
DA:299,0
DA:300,0
DA:301,0
DA:305,0
DA:307,0
DA:312,0
DA:313,0
DA:319,0
DA:323,0
DA:325,0
DA:327,0
DA:333,0
DA:338,0
DA:340,0
DA:343,0
DA:344,0
DA:348,0
DA:349,0
DA:350,0
DA:358,0
DA:369,0
LF:124
LH:0
BRDA:31,0,0,0
BRDA:31,0,1,0
BRDA:38,1,0,0
BRDA:38,1,1,0
BRDA:51,2,0,0
BRDA:51,2,1,0
BRDA:81,3,0,0
BRDA:81,3,1,0
BRDA:81,4,0,0
BRDA:81,4,1,0
BRDA:92,5,0,0
BRDA:92,5,1,0
BRDA:110,6,0,0
BRDA:110,6,1,0
BRDA:110,7,0,0
BRDA:110,7,1,0
BRDA:125,8,0,0
BRDA:125,8,1,0
BRDA:133,9,0,0
BRDA:133,9,1,0
BRDA:139,10,0,0
BRDA:139,10,1,0
BRDA:190,11,0,0
BRDA:190,11,1,0
BRDA:197,12,0,0
BRDA:197,12,1,0
BRDA:210,13,0,0
BRDA:210,13,1,0
BRDA:237,14,0,0
BRDA:237,14,1,0
BRDA:237,15,0,0
BRDA:237,15,1,0
BRDA:250,16,0,0
BRDA:250,16,1,0
BRDA:279,17,0,0
BRDA:279,17,1,0
BRDA:287,18,0,0
BRDA:287,18,1,0
BRDA:293,19,0,0
BRDA:293,19,1,0
BRDA:299,20,0,0
BRDA:299,20,1,0
BRDA:305,21,0,0
BRDA:305,21,1,0
BRF:44
BRH:0
end_of_record
TN:
SF:src/core/middleware/adminAuth.ts
FN:11,(anonymous_0)
FN:46,(anonymous_1)
FN:79,(anonymous_2)
FN:113,(anonymous_3)
FN:173,(anonymous_4)
FN:204,(anonymous_5)
FN:244,(anonymous_6)
FN:325,(anonymous_7)
FNF:8
FNH:0
FNDA:0,(anonymous_0)
FNDA:0,(anonymous_1)
FNDA:0,(anonymous_2)
FNDA:0,(anonymous_3)
FNDA:0,(anonymous_4)
FNDA:0,(anonymous_5)
FNDA:0,(anonymous_6)
FNDA:0,(anonymous_7)
DA:3,0
DA:4,0
DA:5,0
DA:11,0
DA:17,0
DA:18,0
DA:24,0
DA:28,0
DA:29,0
DA:30,0
DA:36,0
DA:39,0
DA:46,0
DA:51,0
DA:52,0
DA:58,0
DA:61,0
DA:62,0
DA:63,0
DA:69,0
DA:72,0
DA:79,0
DA:84,0
DA:85,0
DA:91,0
DA:94,0
DA:95,0
DA:96,0
DA:102,0
DA:105,0
DA:113,0
DA:118,0
DA:119,0
DA:120,0
DA:122,0
DA:123,0
DA:124,0
DA:129,0
DA:130,0
DA:131,0
DA:134,0
DA:136,0
DA:141,0
DA:142,0
DA:143,0
DA:146,0
DA:149,0
DA:150,0
DA:151,0
DA:157,0
DA:161,0
DA:162,0
DA:164,0
DA:165,0
DA:173,0
DA:178,0
DA:179,0
DA:181,0
DA:182,0
DA:183,0
DA:187,0
DA:188,0
DA:194,0
DA:197,0
DA:204,0
DA:209,0
DA:210,0
DA:213,0
DA:214,0
DA:215,0
DA:218,0
DA:219,0
DA:220,0
DA:224,0
DA:225,0
DA:231,0
DA:234,0
DA:244,0
DA:249,0
DA:250,0
DA:251,0
DA:252,0
DA:254,0
DA:255,0
DA:256,0
DA:260,0
DA:261,0
DA:262,0
DA:267,0
DA:268,0
DA:274,0
DA:277,0
DA:279,0
DA:284,0
DA:285,0
DA:286,0
DA:289,0
DA:293,0
DA:294,0
DA:300,0
DA:304,0
DA:305,0
DA:311,0
DA:314,0
DA:316,0
DA:317,0
DA:325,0
DA:330,0
DA:331,0
DA:335,0
LF:110
LH:0
BRDA:17,0,0,0
BRDA:17,0,1,0
BRDA:29,1,0,0
BRDA:29,1,1,0
BRDA:51,2,0,0
BRDA:51,2,1,0
BRDA:62,3,0,0
BRDA:62,3,1,0
BRDA:84,4,0,0
BRDA:84,4,1,0
BRDA:95,5,0,0
BRDA:95,5,1,0
BRDA:122,6,0,0
BRDA:122,6,1,0
BRDA:129,7,0,0
BRDA:129,7,1,0
BRDA:129,8,0,0
BRDA:129,8,1,0
BRDA:141,9,0,0
BRDA:141,9,1,0
BRDA:149,10,0,0
BRDA:149,10,1,0
BRDA:150,11,0,0
BRDA:150,11,1,0
BRDA:181,12,0,0
BRDA:181,12,1,0
BRDA:181,13,0,0
BRDA:181,13,1,0
BRDA:181,13,2,0
BRDA:187,14,0,0
BRDA:187,14,1,0
BRDA:213,15,0,0
BRDA:213,15,1,0
BRDA:218,16,0,0
BRDA:218,16,1,0
BRDA:218,17,0,0
BRDA:218,17,1,0
BRDA:218,17,2,0
BRDA:224,18,0,0
BRDA:224,18,1,0
BRDA:254,19,0,0
BRDA:254,19,1,0
BRDA:254,20,0,0
BRDA:254,20,1,0
BRDA:260,21,0,0
BRDA:260,21,1,0
BRDA:267,22,0,0
BRDA:267,22,1,0
BRDA:284,23,0,0
BRDA:284,23,1,0
BRDA:293,24,0,0
BRDA:293,24,1,0
BRDA:304,25,0,0
BRDA:304,25,1,0
BRDA:304,26,0,0
BRDA:304,26,1,0
BRDA:330,27,0,0
BRDA:330,27,1,0
BRF:58
BRH:0
end_of_record
TN:
SF:src/core/middleware/index.ts
FNF:0
FNH:0
DA:1,0
DA:2,0
DA:3,0
DA:4,0
LF:4
LH:0
BRF:0
BRH:0
end_of_record
TN:
SF:src/core/middleware/jwt.ts
FN:5,(anonymous_1)
FN:20,(anonymous_2)
FNF:2
FNH:0
FNDA:0,(anonymous_1)
FNDA:0,(anonymous_2)
DA:1,0
DA:5,0
DA:11,0
DA:14,0
DA:15,0
DA:17,0
DA:20,0
DA:21,0
DA:22,0
DA:27,0
DA:28,0
DA:32,0
LF:12
LH:0
BRDA:11,0,0,0
BRDA:11,0,1,0
BRDA:14,1,0,0
BRDA:14,1,1,0
BRDA:15,2,0,0
BRDA:15,2,1,0
BRDA:21,3,0,0
BRDA:21,3,1,0
BRF:8
BRH:0
end_of_record
TN:
SF:src/core/middleware/validation.ts
FN:10,(anonymous_0)
FN:16,(anonymous_1)
FN:150,(anonymous_2)
FNF:3
FNH:0
FNDA:0,(anonymous_0)
FNDA:0,(anonymous_1)
FNDA:0,(anonymous_2)
DA:2,0
DA:4,0
DA:10,0
DA:11,0
DA:12,0
DA:13,0
DA:16,0
DA:22,0
DA:32,0
DA:46,0
DA:79,0
DA:119,0
DA:131,0
DA:144,0
DA:150,0
DA:162,0
DA:174,0
DA:185,0
DA:200,0
DA:216,0
DA:224,0
DA:243,0
DA:267,0
DA:281,0
DA:296,0
LF:25
LH:0
BRDA:12,0,0,0
BRDA:12,0,1,0
BRDA:17,1,0,0
BRDA:17,1,1,0
BRF:4
BRH:0
end_of_record
TN:
SF:src/core/middleware/verificationChecks.ts
FN:4,(anonymous_0)
FNF:1
FNH:0
FNDA:0,(anonymous_0)
DA:4,0
DA:9,0
DA:10,0
DA:14,0
LF:4
LH:0
BRDA:9,0,0,0
BRDA:9,0,1,0
BRF:2
BRH:0
end_of_record
TN:
SF:src/core/models/index.ts
FN:7,(anonymous_0)
FNF:1
FNH:1
FNDA:2,(anonymous_0)
DA:7,2
DA:8,2
DA:9,2
DA:10,2
DA:11,2
DA:12,2
DA:18,2
DA:135,2
DA:136,2
DA:139,2
LF:10
LH:10
BRDA:7,0,0,2
BRDA:7,0,1,2
BRF:2
BRH:2
end_of_record
TN:
SF:src/core/utilities/credentialingUtils.ts
FN:7,(anonymous_0)
FN:17,(anonymous_1)
FN:28,(anonymous_2)
FN:43,(anonymous_3)
FN:56,(anonymous_4)
FN:65,(anonymous_5)
FNF:6
FNH:6
FNDA:41,(anonymous_0)
FNDA:67,(anonymous_1)
FNDA:15,(anonymous_2)
FNDA:32,(anonymous_3)
FNDA:233,(anonymous_4)
FNDA:117,(anonymous_5)
DA:1,2
DA:7,2
DA:8,41
DA:17,2
DA:18,67
DA:28,2
DA:31,15
DA:32,15
DA:33,15
DA:43,2
DA:48,32
DA:49,32
DA:56,2
DA:57,233
DA:65,2
DA:66,117
LF:16
LH:16
BRDA:65,0,0,101
BRF:1
BRH:1
end_of_record
TN:
SF:src/core/utilities/emailService.ts
FN:15,(anonymous_9)
FN:35,(anonymous_10)
FN:45,(anonymous_11)
FN:79,(anonymous_12)
FN:99,(anonymous_13)
FN:146,(anonymous_14)
FN:169,(anonymous_15)
FNF:7
FNH:7
FNDA:22,(anonymous_9)
FNDA:17,(anonymous_10)
FNDA:13,(anonymous_11)
FNDA:9,(anonymous_12)
FNDA:9,(anonymous_13)
FNDA:3,(anonymous_14)
FNDA:3,(anonymous_15)
DA:2,2
DA:3,2
DA:4,2
DA:9,2
DA:15,2
DA:16,22
DA:17,22
DA:25,21
DA:27,1
DA:28,1
DA:35,2
DA:36,17
DA:37,0
DA:39,17
DA:45,2
DA:51,13
DA:52,13
DA:54,13
DA:55,10
DA:59,7
DA:61,3
DA:62,3
DA:63,3
DA:64,3
DA:65,3
DA:66,3
DA:69,10
DA:71,3
DA:72,3
DA:79,2
DA:81,9
DA:82,7
DA:86,2
DA:87,1
DA:88,1
DA:92,1
DA:93,1
DA:99,2
DA:104,9
DA:106,9
DA:109,9
DA:114,9
DA:115,9
DA:117,9
DA:119,9
DA:120,7
DA:126,6
DA:128,2
DA:129,2
DA:130,2
DA:131,2
DA:132,2
DA:133,2
DA:136,8
DA:138,1
DA:139,1
DA:146,2
DA:151,3
DA:169,2
DA:174,3
LF:60
LH:59
BRDA:36,0,0,0
BRDA:36,0,1,17
BRDA:52,1,0,13
BRDA:52,1,1,6
BRDA:54,2,0,10
BRDA:54,2,1,3
BRDA:65,3,0,3
BRDA:65,3,1,0
BRDA:81,4,0,7
BRDA:81,4,1,2
BRDA:81,5,0,9
BRDA:81,5,1,7
BRDA:86,6,0,1
BRDA:86,6,1,1
BRDA:109,7,0,1
BRDA:109,7,1,8
BRDA:109,8,0,9
BRDA:109,8,1,9
BRDA:117,9,0,9
BRDA:117,9,1,3
BRDA:119,10,0,7
BRDA:119,10,1,2
BRF:22
BRH:20
end_of_record
TN:
SF:src/core/utilities/envConfig.ts
FN:32,(anonymous_0)
FN:33,(anonymous_1)
FN:41,(anonymous_2)
FN:54,(anonymous_3)
FN:65,(anonymous_4)
FN:72,(anonymous_5)
FN:79,(anonymous_6)
FNF:7
FNH:7
FNDA:9,(anonymous_0)
FNDA:36,(anonymous_1)
FNDA:45,(anonymous_2)
FNDA:15,(anonymous_3)
FNDA:11,(anonymous_4)
FNDA:11,(anonymous_5)
FNDA:11,(anonymous_6)
DA:6,3
DA:16,3
DA:32,3
DA:33,36
DA:35,9
DA:36,4
DA:37,4
DA:41,5
DA:42,45
DA:43,42
DA:44,42
DA:48,5
DA:54,3
DA:55,15
DA:56,15
DA:57,4
DA:59,11
DA:65,3
DA:66,11
DA:72,3
DA:73,11
DA:79,3
DA:80,11
LF:23
LH:23
BRDA:35,0,0,4
BRDA:35,0,1,5
BRDA:42,1,0,42
BRDA:42,1,1,3
BRDA:55,2,0,15
BRDA:55,2,1,8
BRDA:56,3,0,4
BRDA:56,3,1,11
BRDA:73,4,0,11
BRDA:73,4,1,8
BRF:10
BRH:10
end_of_record
TN:
SF:src/core/utilities/errorCodes.ts
FNF:0
FNH:0
DA:7,1
LF:1
LH:1
BRF:0
BRH:0
end_of_record
TN:
SF:src/core/utilities/index.ts
FNF:0
FNH:0
DA:1,1
DA:2,1
DA:3,1
DA:4,1
DA:5,1
DA:6,1
DA:7,1
LF:7
LH:7
BRF:0
BRH:0
end_of_record
TN:
SF:src/core/utilities/responseUtils.ts
FN:11,(anonymous_0)
FN:31,(anonymous_1)
FN:49,(anonymous_2)
FNF:3
FNH:3
FNDA:11,(anonymous_0)
FNDA:7,(anonymous_1)
FNDA:6,(anonymous_2)
DA:11,2
DA:17,11
DA:31,2
DA:37,7
DA:49,2
DA:53,6
LF:6
LH:6
BRDA:15,0,0,9
BRDA:40,1,0,7
BRDA:40,1,1,4
BRF:3
BRH:3
end_of_record
TN:
SF:src/core/utilities/database.ts
FNF:0
FNH:0
DA:2,1
DA:5,1
DA:20,1
DA:22,1
LF:4
LH:4
BRDA:5,0,0,0
BRDA:5,0,1,1
BRF:2
BRH:1
end_of_record
TN:
SF:src/core/utilities/validationUtils.ts
FN:6,(anonymous_0)
FN:15,(anonymous_1)
FN:45,(anonymous_2)
FN:57,(anonymous_3)
FNF:4
FNH:4
FNDA:10034,(anonymous_0)
FNDA:10054,(anonymous_1)
FNDA:10048,(anonymous_2)
FNDA:10068,(anonymous_3)
DA:6,1
DA:7,10034
DA:15,1
DA:17,10054
DA:18,10054
DA:20,10046
DA:23,10046
DA:24,10043
DA:25,10039
DA:28,10038
DA:29,10036
DA:30,10034
DA:31,10034
DA:32,10033
DA:35,10032
DA:38,10025
DA:45,1
DA:47,10048
DA:49,10048
DA:57,1
DA:58,10068
DA:61,10068
LF:22
LH:22
BRDA:7,0,0,10034
BRDA:7,0,1,10024
BRDA:18,1,0,8
BRDA:18,1,1,10046
BRDA:23,2,0,3
BRDA:23,2,1,10043
BRDA:23,3,0,10046
BRDA:23,3,1,10044
BRDA:23,3,2,10044
BRDA:24,4,0,4
BRDA:24,4,1,10039
BRDA:24,5,0,10043
BRDA:24,5,1,10041
BRDA:25,6,0,1
BRDA:25,6,1,10038
BRDA:28,7,0,2
BRDA:28,7,1,10036
BRDA:28,8,0,10038
BRDA:28,8,1,10036
BRDA:28,8,2,10036
BRDA:29,9,0,2
BRDA:29,9,1,10034
BRDA:29,10,0,10036
BRDA:29,10,1,10035
BRDA:30,11,0,0
BRDA:30,11,1,10034
BRDA:30,12,0,10034
BRDA:30,12,1,10034
BRDA:31,13,0,1
BRDA:31,13,1,10033
BRDA:32,14,0,1
BRDA:32,14,1,10032
BRDA:35,15,0,7
BRDA:35,15,1,10025
BRDA:58,16,0,35
BRDA:58,16,1,10033
BRDA:61,17,0,10068
BRDA:61,17,1,10063
BRDA:61,17,2,10049
BRDA:61,17,3,10041
BRF:40
BRH:39
end_of_record
TN:
SF:src/routes/index.ts
FNF:0
FNH:0
DA:1,0
DA:2,0
DA:3,0
DA:4,0
DA:6,0
DA:9,0
DA:11,0
DA:13,0
DA:15,0
LF:9
LH:0
BRF:0
BRH:0
end_of_record
TN:
SF:src/routes/admin/index.ts
FNF:0
FNH:0
DA:2,0
DA:3,0
DA:4,0
DA:17,0
DA:20,0
DA:21,0
DA:30,0
DA:41,0
DA:47,0
DA:54,0
DA:60,0
DA:67,0
DA:78,0
DA:89,0
DA:101,0
DA:108,0
LF:16
LH:0
BRF:0
BRH:0
end_of_record
TN:
SF:src/routes/closed/index.ts
FNF:0
FNH:0
DA:1,0
DA:2,0
DA:3,0
DA:5,0
DA:8,0
DA:16,0
DA:24,0
DA:30,0
DA:36,0
DA:42,0
DA:44,0
LF:11
LH:0
BRF:0
BRH:0
end_of_record
TN:
SF:src/routes/open/index.ts
FNF:0
FNH:0
DA:1,0
DA:2,0
DA:3,0
DA:5,0
DA:13,0
DA:19,0
DA:27,0
DA:33,0
DA:41,0
DA:47,0
DA:49,0
LF:11
LH:0
BRF:0
BRH:0
end_of_record
